<?xml version="1.0" encoding="UTF-8"?>
<!-- Generated by org.testng.reporters.JUnitReportReporter -->
<testsuite skipped="0" hostname="Mounika-PC" name="DriverFactory.DriverScript1" tests="1" failures="0" timestamp="2019-09-13T00:56:48 IST" time="51.191" errors="0">
  <testcase name="start_Test" time="51.191" classname="DriverFactory.DriverScript1"/>
</testsuite> <!-- DriverFactory.DriverScript1 -->
